[templates/protostar-workflows/favicon.ico]
[media/jui/js/jquery.minc1c7.js]
[media/jui/js/jquery-noconflictc1c7.js]
[media/jui/js/jquery-migrate.minc1c7.js]
[media/system/js/captionc1c7.js]
[media/jui/js/bootstrap.minc1c7.js]
[templates/protostar-workflows/js/templatec1c7.js]
[images/workflows_logo.png]
[images/workshops.png]
[images/proposal.png]
[images/mailing_list.png]
[index-2.html]
[media/jui/fonts/IcoMoon.eot]
[media/jui/fonts/IcoMoond41d.eot]
[media/jui/fonts/IcoMoon.woff]
[media/jui/fonts/IcoMoon.ttf]
[templates/protostar-workflows/css/templatec1c7.css]
[images/workflows_logo_square.png]
[images/workflows_logo_long.png]
[index.php/about.html]
[media/jui/fonts/IcoMoon.svg]
